2023-03-07 05:07:10,978 [Worker-4: Loading available Gradle versions] INFO  o.e.b.c.i.u.g.PublishedGradleVersions - Gradle version information cache is up-to-date. Trying to read.
2023-03-07 05:07:17,418 [Worker-8: Deferred Early Start] INFO  o.a.h.c.h.i.c.HttpRequestRetryExec - Recoverable I/O exception (java.net.SocketException) caught when processing request to {tls}->http://127.0.0.1:51837->https://www.eclipse.org:443
2023-03-07 06:00:47,469 [Worker-37: Import Getting Started Content] INFO  o.e.m.c.i.l.LifecycleMappingFactory - Using org.eclipse.m2e.jdt.JarLifecycleMapping lifecycle mapping for MavenProject: com.craft-Department-service:Department-service:0.0.1-SNAPSHOT @ C:\craft\java-full-stack-main\CapStone Project\Team\Department-service\pom.xml.
2023-03-07 06:00:51,828 [Worker-37: Import Getting Started Content] INFO  o.e.m.j.i.AbstractJavaProjectConfigurator - Adding source folder /Department-service/src/main/java
2023-03-07 06:00:51,828 [Worker-37: Import Getting Started Content] INFO  o.e.m.j.i.AbstractJavaProjectConfigurator - Adding resource folder /Department-service/src/main/resources
2023-03-07 06:00:51,835 [Worker-37: Import Getting Started Content] INFO  o.e.m.j.i.AbstractJavaProjectConfigurator - Adding resource folder /Department-service/src/main/resources
2023-03-07 06:00:51,847 [Worker-37: Import Getting Started Content] INFO  o.e.m.j.i.AbstractJavaProjectConfigurator - Adding source folder /Department-service/src/test/java
2023-03-07 06:00:54,575 [Worker-37: Import Getting Started Content] INFO  o.a.m.s.f.DefaultMavenResourcesFiltering - Copying 1 resource
2023-03-07 06:00:54,601 [Worker-37: Import Getting Started Content] INFO  o.a.m.s.f.DefaultMavenResourcesFiltering - Copying 0 resource
2023-03-07 06:00:54,607 [Worker-37: Import Getting Started Content] INFO  o.a.m.s.f.DefaultMavenResourcesFiltering - skip non existing resourceDirectory C:\craft\java-full-stack-main\CapStone Project\Team\Department-service\src\test\resources
2023-03-07 06:00:57,153 [Worker-37: Import Getting Started Content] INFO  o.e.m.c.i.p.ProjectConfigurationManager - Imported and configured 1 project(s) in 17 sec
2023-03-07 06:00:57,157 [Worker-37: Import Getting Started Content] INFO  o.e.m.c.i.p.ProjectConfigurationManager - Update started
2023-03-07 06:00:57,881 [Worker-37: Import Getting Started Content] INFO  o.e.m.c.i.l.LifecycleMappingFactory - Using org.eclipse.m2e.jdt.JarLifecycleMapping lifecycle mapping for MavenProject: com.craft-Department-service:Department-service:0.0.1-SNAPSHOT @ C:\craft\java-full-stack-main\CapStone Project\Team\Department-service\pom.xml.
2023-03-07 06:00:59,698 [Worker-37: Import Getting Started Content] INFO  o.e.m.j.i.AbstractJavaProjectConfigurator - Adding source folder /Department-service/src/main/java
2023-03-07 06:00:59,699 [Worker-37: Import Getting Started Content] INFO  o.e.m.j.i.AbstractJavaProjectConfigurator - Adding resource folder /Department-service/src/main/resources
2023-03-07 06:00:59,699 [Worker-37: Import Getting Started Content] INFO  o.e.m.j.i.AbstractJavaProjectConfigurator - Adding resource folder /Department-service/src/main/resources
2023-03-07 06:00:59,700 [Worker-37: Import Getting Started Content] INFO  o.e.m.j.i.AbstractJavaProjectConfigurator - Adding source folder /Department-service/src/test/java
2023-03-07 06:01:08,971 [Worker-37: Import Getting Started Content] INFO  o.a.m.s.f.DefaultMavenResourcesFiltering - Copying 1 resource
2023-03-07 06:01:08,998 [Worker-37: Import Getting Started Content] INFO  o.a.m.s.f.DefaultMavenResourcesFiltering - Copying 0 resource
2023-03-07 06:01:09,003 [Worker-37: Import Getting Started Content] INFO  o.a.m.s.f.DefaultMavenResourcesFiltering - skip non existing resourceDirectory C:\craft\java-full-stack-main\CapStone Project\Team\Department-service\src\test\resources
2023-03-07 06:01:09,976 [Worker-37: Import Getting Started Content] INFO  o.e.m.c.i.p.ProjectConfigurationManager - Update completed: 12 sec
2023-03-07 06:13:46,360 [Worker-22: Launching Department-service - DepartmentServiceApplication] INFO  o.a.m.s.f.DefaultMavenResourcesFiltering - Copying 2 resources
2023-03-07 06:13:46,364 [Worker-22: Launching Department-service - DepartmentServiceApplication] INFO  o.a.m.s.f.DefaultMavenResourcesFiltering - Copying 0 resource
2023-03-07 06:13:46,367 [Worker-22: Launching Department-service - DepartmentServiceApplication] INFO  o.a.m.s.f.DefaultMavenResourcesFiltering - skip non existing resourceDirectory C:\craft\java-full-stack-main\CapStone Project\Team\Department-service\src\test\resources
2023-03-07 06:18:27,112 [Worker-35: Import Getting Started Content] INFO  o.e.m.c.i.l.LifecycleMappingFactory - Using org.eclipse.m2e.jdt.JarLifecycleMapping lifecycle mapping for MavenProject: com.craft.Employee:Employee-service:0.0.1-SNAPSHOT @ C:\craft\java-full-stack-main\CapStone Project\Team\Employee-service\pom.xml.
2023-03-07 06:18:27,660 [Worker-35: Import Getting Started Content] INFO  o.e.m.j.i.AbstractJavaProjectConfigurator - Adding source folder /Employee-service/src/main/java
2023-03-07 06:18:27,660 [Worker-35: Import Getting Started Content] INFO  o.e.m.j.i.AbstractJavaProjectConfigurator - Adding resource folder /Employee-service/src/main/resources
2023-03-07 06:18:27,670 [Worker-35: Import Getting Started Content] INFO  o.e.m.j.i.AbstractJavaProjectConfigurator - Adding resource folder /Employee-service/src/main/resources
2023-03-07 06:18:27,674 [Worker-35: Import Getting Started Content] INFO  o.e.m.j.i.AbstractJavaProjectConfigurator - Adding source folder /Employee-service/src/test/java
2023-03-07 06:18:28,359 [Worker-35: Import Getting Started Content] INFO  o.a.m.s.f.DefaultMavenResourcesFiltering - Copying 1 resource
2023-03-07 06:18:28,367 [Worker-35: Import Getting Started Content] INFO  o.a.m.s.f.DefaultMavenResourcesFiltering - Copying 0 resource
2023-03-07 06:18:28,379 [Worker-35: Import Getting Started Content] INFO  o.a.m.s.f.DefaultMavenResourcesFiltering - skip non existing resourceDirectory C:\craft\java-full-stack-main\CapStone Project\Team\Employee-service\src\test\resources
2023-03-07 06:18:29,107 [Worker-35: Import Getting Started Content] INFO  o.e.m.c.i.p.ProjectConfigurationManager - Imported and configured 1 project(s) in 2 sec
2023-03-07 06:18:29,108 [Worker-35: Import Getting Started Content] INFO  o.e.m.c.i.p.ProjectConfigurationManager - Update started
2023-03-07 06:18:30,881 [Worker-35: Import Getting Started Content] INFO  o.e.m.c.i.l.LifecycleMappingFactory - Using org.eclipse.m2e.jdt.JarLifecycleMapping lifecycle mapping for MavenProject: com.craft.Employee:Employee-service:0.0.1-SNAPSHOT @ C:\craft\java-full-stack-main\CapStone Project\Team\Employee-service\pom.xml.
2023-03-07 06:18:31,814 [Worker-35: Import Getting Started Content] INFO  o.e.m.j.i.AbstractJavaProjectConfigurator - Adding source folder /Employee-service/src/main/java
2023-03-07 06:18:31,814 [Worker-35: Import Getting Started Content] INFO  o.e.m.j.i.AbstractJavaProjectConfigurator - Adding resource folder /Employee-service/src/main/resources
2023-03-07 06:18:31,815 [Worker-35: Import Getting Started Content] INFO  o.e.m.j.i.AbstractJavaProjectConfigurator - Adding resource folder /Employee-service/src/main/resources
2023-03-07 06:18:31,816 [Worker-35: Import Getting Started Content] INFO  o.e.m.j.i.AbstractJavaProjectConfigurator - Adding source folder /Employee-service/src/test/java
2023-03-07 06:18:33,216 [Worker-35: Import Getting Started Content] INFO  o.a.m.s.f.DefaultMavenResourcesFiltering - Copying 1 resource
2023-03-07 06:18:33,222 [Worker-35: Import Getting Started Content] INFO  o.a.m.s.f.DefaultMavenResourcesFiltering - Copying 0 resource
2023-03-07 06:18:33,225 [Worker-35: Import Getting Started Content] INFO  o.a.m.s.f.DefaultMavenResourcesFiltering - skip non existing resourceDirectory C:\craft\java-full-stack-main\CapStone Project\Team\Employee-service\src\test\resources
2023-03-07 06:18:33,827 [Worker-35: Import Getting Started Content] INFO  o.e.m.c.i.p.ProjectConfigurationManager - Update completed: 4 sec
2023-03-07 06:29:37,302 [Worker-45: Launching Employee-service - EmployeeServiceApplication] INFO  o.a.m.s.f.DefaultMavenResourcesFiltering - Copying 2 resources
2023-03-07 06:29:37,306 [Worker-45: Launching Employee-service - EmployeeServiceApplication] INFO  o.a.m.s.f.DefaultMavenResourcesFiltering - Copying 0 resource
2023-03-07 06:29:37,309 [Worker-45: Launching Employee-service - EmployeeServiceApplication] INFO  o.a.m.s.f.DefaultMavenResourcesFiltering - skip non existing resourceDirectory C:\craft\java-full-stack-main\CapStone Project\Team\Employee-service\src\test\resources
2023-03-07 06:31:44,117 [Worker-48: Launching Employee-service - EmployeeServiceApplication] INFO  o.a.m.s.f.DefaultMavenResourcesFiltering - Copying 2 resources
2023-03-07 06:31:44,130 [Worker-48: Launching Employee-service - EmployeeServiceApplication] INFO  o.a.m.s.f.DefaultMavenResourcesFiltering - Copying 0 resource
2023-03-07 06:31:44,132 [Worker-48: Launching Employee-service - EmployeeServiceApplication] INFO  o.a.m.s.f.DefaultMavenResourcesFiltering - skip non existing resourceDirectory C:\craft\java-full-stack-main\CapStone Project\Team\Employee-service\src\test\resources
2023-03-07 06:57:56,914 [Worker-54: Launching Employee-service - EmployeeServiceApplication] INFO  o.a.m.s.f.DefaultMavenResourcesFiltering - Copying 2 resources
2023-03-07 06:57:56,929 [Worker-54: Launching Employee-service - EmployeeServiceApplication] INFO  o.a.m.s.f.DefaultMavenResourcesFiltering - Copying 0 resource
2023-03-07 06:57:56,935 [Worker-54: Launching Employee-service - EmployeeServiceApplication] INFO  o.a.m.s.f.DefaultMavenResourcesFiltering - skip non existing resourceDirectory C:\craft\java-full-stack-main\CapStone Project\Team\Employee-service\src\test\resources
2023-03-07 07:00:16,026 [Worker-53: Launching Employee-service - EmployeeServiceApplication] INFO  o.a.m.s.f.DefaultMavenResourcesFiltering - Copying 2 resources
2023-03-07 07:00:16,048 [Worker-53: Launching Employee-service - EmployeeServiceApplication] INFO  o.a.m.s.f.DefaultMavenResourcesFiltering - Copying 0 resource
2023-03-07 07:00:16,052 [Worker-53: Launching Employee-service - EmployeeServiceApplication] INFO  o.a.m.s.f.DefaultMavenResourcesFiltering - skip non existing resourceDirectory C:\craft\java-full-stack-main\CapStone Project\Team\Employee-service\src\test\resources
2023-03-07 15:12:23,299 [Worker-0: Loading available Gradle versions] INFO  o.e.b.c.i.u.g.PublishedGradleVersions - Gradle version information cache is up-to-date. Trying to read.
2023-03-07 15:12:29,810 [Worker-4: Deferred Early Start] INFO  o.a.h.c.h.i.c.HttpRequestRetryExec - Recoverable I/O exception (java.net.SocketException) caught when processing request to {tls}->http://127.0.0.1:55909->https://www.eclipse.org:443
2023-03-08 04:51:03,894 [Worker-2: Loading available Gradle versions] INFO  o.e.b.c.i.u.g.PublishedGradleVersions - Gradle version information cache is up-to-date. Trying to read.
2023-03-08 05:40:47,690 [Worker-27: Import Getting Started Content] INFO  o.e.m.c.i.l.LifecycleMappingFactory - Using org.eclipse.m2e.jdt.JarLifecycleMapping lifecycle mapping for MavenProject: com.craft.naming-service:naming-service:0.0.1-SNAPSHOT @ C:\craft\java-full-stack-main\CapStone Project\Team\naming-service\pom.xml.
2023-03-08 05:40:51,857 [Worker-27: Import Getting Started Content] INFO  o.e.m.j.i.AbstractJavaProjectConfigurator - Adding source folder /naming-service/src/main/java
2023-03-08 05:40:51,858 [Worker-27: Import Getting Started Content] INFO  o.e.m.j.i.AbstractJavaProjectConfigurator - Adding resource folder /naming-service/src/main/resources
2023-03-08 05:40:51,863 [Worker-27: Import Getting Started Content] INFO  o.e.m.j.i.AbstractJavaProjectConfigurator - Adding resource folder /naming-service/src/main/resources
2023-03-08 05:40:51,868 [Worker-27: Import Getting Started Content] INFO  o.e.m.j.i.AbstractJavaProjectConfigurator - Adding source folder /naming-service/src/test/java
2023-03-08 05:40:54,296 [Worker-27: Import Getting Started Content] INFO  o.a.m.s.f.DefaultMavenResourcesFiltering - Copying 1 resource
2023-03-08 05:40:54,306 [Worker-27: Import Getting Started Content] INFO  o.a.m.s.f.DefaultMavenResourcesFiltering - Copying 0 resource
2023-03-08 05:40:54,308 [Worker-27: Import Getting Started Content] INFO  o.a.m.s.f.DefaultMavenResourcesFiltering - skip non existing resourceDirectory C:\craft\java-full-stack-main\CapStone Project\Team\naming-service\src\test\resources
2023-03-08 05:40:55,972 [Worker-27: Import Getting Started Content] INFO  o.e.m.c.i.p.ProjectConfigurationManager - Imported and configured 1 project(s) in 12 sec
2023-03-08 05:40:55,976 [Worker-27: Import Getting Started Content] INFO  o.e.m.c.i.p.ProjectConfigurationManager - Update started
2023-03-08 05:40:56,419 [Worker-27: Import Getting Started Content] INFO  o.e.m.c.i.l.LifecycleMappingFactory - Using org.eclipse.m2e.jdt.JarLifecycleMapping lifecycle mapping for MavenProject: com.craft.naming-service:naming-service:0.0.1-SNAPSHOT @ C:\craft\java-full-stack-main\CapStone Project\Team\naming-service\pom.xml.
2023-03-08 05:40:58,270 [Worker-27: Import Getting Started Content] INFO  o.e.m.j.i.AbstractJavaProjectConfigurator - Adding source folder /naming-service/src/main/java
2023-03-08 05:40:58,270 [Worker-27: Import Getting Started Content] INFO  o.e.m.j.i.AbstractJavaProjectConfigurator - Adding resource folder /naming-service/src/main/resources
2023-03-08 05:40:58,272 [Worker-27: Import Getting Started Content] INFO  o.e.m.j.i.AbstractJavaProjectConfigurator - Adding resource folder /naming-service/src/main/resources
2023-03-08 05:40:58,272 [Worker-27: Import Getting Started Content] INFO  o.e.m.j.i.AbstractJavaProjectConfigurator - Adding source folder /naming-service/src/test/java
2023-03-08 05:41:03,488 [Worker-27: Import Getting Started Content] INFO  o.a.m.s.f.DefaultMavenResourcesFiltering - Copying 1 resource
2023-03-08 05:41:03,510 [Worker-27: Import Getting Started Content] INFO  o.a.m.s.f.DefaultMavenResourcesFiltering - Copying 0 resource
2023-03-08 05:41:03,514 [Worker-27: Import Getting Started Content] INFO  o.a.m.s.f.DefaultMavenResourcesFiltering - skip non existing resourceDirectory C:\craft\java-full-stack-main\CapStone Project\Team\naming-service\src\test\resources
2023-03-08 05:41:04,239 [Worker-27: Import Getting Started Content] INFO  o.e.m.c.i.p.ProjectConfigurationManager - Update completed: 8 sec
2023-03-08 05:43:53,915 [Worker-28: Launching naming-service - NamingServiceApplication] INFO  o.a.m.s.f.DefaultMavenResourcesFiltering - Copying 2 resources
2023-03-08 05:43:53,920 [Worker-28: Launching naming-service - NamingServiceApplication] INFO  o.a.m.s.f.DefaultMavenResourcesFiltering - Copying 0 resource
2023-03-08 05:43:53,922 [Worker-28: Launching naming-service - NamingServiceApplication] INFO  o.a.m.s.f.DefaultMavenResourcesFiltering - skip non existing resourceDirectory C:\craft\java-full-stack-main\CapStone Project\Team\naming-service\src\test\resources
2023-03-08 05:45:00,861 [Worker-27: Launching naming-service - NamingServiceApplication] INFO  o.a.m.s.f.DefaultMavenResourcesFiltering - Copying 2 resources
2023-03-08 05:45:00,877 [Worker-27: Launching naming-service - NamingServiceApplication] INFO  o.a.m.s.f.DefaultMavenResourcesFiltering - Copying 0 resource
2023-03-08 05:45:00,882 [Worker-27: Launching naming-service - NamingServiceApplication] INFO  o.a.m.s.f.DefaultMavenResourcesFiltering - skip non existing resourceDirectory C:\craft\java-full-stack-main\CapStone Project\Team\naming-service\src\test\resources
2023-03-08 05:50:11,709 [Worker-29: Updating Maven Project] INFO  o.e.m.c.i.p.ProjectConfigurationManager - Update started
2023-03-08 05:50:12,053 [Worker-29: Updating Maven Project] INFO  o.e.m.c.i.l.LifecycleMappingFactory - Using org.eclipse.m2e.jdt.JarLifecycleMapping lifecycle mapping for MavenProject: com.craft.Employee:Employee-service:0.0.1-SNAPSHOT @ C:\craft\java-full-stack-main\CapStone Project\Team\Employee-service\pom.xml.
2023-03-08 05:50:13,277 [Worker-29: Updating Maven Project] INFO  o.a.m.s.f.DefaultMavenResourcesFiltering - Copying 2 resources
2023-03-08 05:50:13,294 [Worker-29: Updating Maven Project] INFO  o.a.m.s.f.DefaultMavenResourcesFiltering - Copying 0 resource
2023-03-08 05:50:13,297 [Worker-29: Updating Maven Project] INFO  o.a.m.s.f.DefaultMavenResourcesFiltering - skip non existing resourceDirectory C:\craft\java-full-stack-main\CapStone Project\Team\Employee-service\src\test\resources
2023-03-08 05:50:14,566 [Worker-29: Updating Maven Project] INFO  o.e.m.j.i.AbstractJavaProjectConfigurator - Adding source folder /Employee-service/src/main/java
2023-03-08 05:50:14,567 [Worker-29: Updating Maven Project] INFO  o.e.m.j.i.AbstractJavaProjectConfigurator - Adding resource folder /Employee-service/src/main/resources
2023-03-08 05:50:14,567 [Worker-29: Updating Maven Project] INFO  o.e.m.j.i.AbstractJavaProjectConfigurator - Adding resource folder /Employee-service/src/main/resources
2023-03-08 05:50:14,568 [Worker-29: Updating Maven Project] INFO  o.e.m.j.i.AbstractJavaProjectConfigurator - Adding source folder /Employee-service/src/test/java
2023-03-08 05:50:16,778 [Worker-29: Updating Maven Project] INFO  o.a.m.s.f.DefaultMavenResourcesFiltering - Copying 2 resources
2023-03-08 05:50:16,785 [Worker-29: Updating Maven Project] INFO  o.a.m.s.f.DefaultMavenResourcesFiltering - Copying 0 resource
2023-03-08 05:50:16,789 [Worker-29: Updating Maven Project] INFO  o.a.m.s.f.DefaultMavenResourcesFiltering - skip non existing resourceDirectory C:\craft\java-full-stack-main\CapStone Project\Team\Employee-service\src\test\resources
2023-03-08 05:50:17,336 [Worker-29: Updating Maven Project] INFO  o.e.m.c.i.p.ProjectConfigurationManager - Update completed: 5 sec
2023-03-08 05:54:38,258 [Worker-33: Launching Employee-service - EmployeeServiceApplication] INFO  o.a.m.s.f.DefaultMavenResourcesFiltering - Copying 2 resources
2023-03-08 05:54:38,263 [Worker-33: Launching Employee-service - EmployeeServiceApplication] INFO  o.a.m.s.f.DefaultMavenResourcesFiltering - Copying 0 resource
2023-03-08 05:54:38,266 [Worker-33: Launching Employee-service - EmployeeServiceApplication] INFO  o.a.m.s.f.DefaultMavenResourcesFiltering - skip non existing resourceDirectory C:\craft\java-full-stack-main\CapStone Project\Team\Employee-service\src\test\resources
2023-03-08 05:56:15,093 [Worker-32: Launching Employee-service - EmployeeServiceApplication] INFO  o.a.m.s.f.DefaultMavenResourcesFiltering - Copying 1 resource
2023-03-08 05:56:15,105 [Worker-32: Launching Employee-service - EmployeeServiceApplication] INFO  o.a.m.s.f.DefaultMavenResourcesFiltering - Copying 0 resource
2023-03-08 05:56:15,110 [Worker-32: Launching Employee-service - EmployeeServiceApplication] INFO  o.a.m.s.f.DefaultMavenResourcesFiltering - skip non existing resourceDirectory C:\craft\java-full-stack-main\CapStone Project\Team\Employee-service\src\test\resources
2023-03-08 05:59:05,638 [Worker-33: Updating Maven Project] INFO  o.e.m.c.i.p.ProjectConfigurationManager - Update started
2023-03-08 05:59:05,943 [Worker-33: Updating Maven Project] INFO  o.e.m.c.i.l.LifecycleMappingFactory - Using org.eclipse.m2e.jdt.JarLifecycleMapping lifecycle mapping for MavenProject: com.craft-Department-service:Department-service:0.0.1-SNAPSHOT @ C:\craft\java-full-stack-main\CapStone Project\Team\Department-service\pom.xml.
2023-03-08 05:59:07,026 [Worker-33: Updating Maven Project] INFO  o.a.m.s.f.DefaultMavenResourcesFiltering - Copying 2 resources
2023-03-08 05:59:07,038 [Worker-33: Updating Maven Project] INFO  o.a.m.s.f.DefaultMavenResourcesFiltering - Copying 0 resource
2023-03-08 05:59:07,043 [Worker-33: Updating Maven Project] INFO  o.a.m.s.f.DefaultMavenResourcesFiltering - skip non existing resourceDirectory C:\craft\java-full-stack-main\CapStone Project\Team\Department-service\src\test\resources
2023-03-08 05:59:07,680 [Worker-33: Updating Maven Project] INFO  o.e.m.j.i.AbstractJavaProjectConfigurator - Adding source folder /Department-service/src/main/java
2023-03-08 05:59:07,680 [Worker-33: Updating Maven Project] INFO  o.e.m.j.i.AbstractJavaProjectConfigurator - Adding resource folder /Department-service/src/main/resources
2023-03-08 05:59:07,681 [Worker-33: Updating Maven Project] INFO  o.e.m.j.i.AbstractJavaProjectConfigurator - Adding resource folder /Department-service/src/main/resources
2023-03-08 05:59:07,681 [Worker-33: Updating Maven Project] INFO  o.e.m.j.i.AbstractJavaProjectConfigurator - Adding source folder /Department-service/src/test/java
2023-03-08 05:59:08,641 [Worker-33: Updating Maven Project] INFO  o.a.m.s.f.DefaultMavenResourcesFiltering - Copying 2 resources
2023-03-08 05:59:08,645 [Worker-33: Updating Maven Project] INFO  o.a.m.s.f.DefaultMavenResourcesFiltering - Copying 0 resource
2023-03-08 05:59:08,648 [Worker-33: Updating Maven Project] INFO  o.a.m.s.f.DefaultMavenResourcesFiltering - skip non existing resourceDirectory C:\craft\java-full-stack-main\CapStone Project\Team\Department-service\src\test\resources
2023-03-08 05:59:10,049 [Worker-33: Updating Maven Project] INFO  o.e.m.c.i.p.ProjectConfigurationManager - Update completed: 4 sec
2023-03-08 06:00:19,271 [Worker-30: Launching Department-service - DepartmentServiceApplication] INFO  o.a.m.s.f.DefaultMavenResourcesFiltering - Copying 2 resources
2023-03-08 06:00:19,274 [Worker-30: Launching Department-service - DepartmentServiceApplication] INFO  o.a.m.s.f.DefaultMavenResourcesFiltering - Copying 0 resource
2023-03-08 06:00:19,275 [Worker-30: Launching Department-service - DepartmentServiceApplication] INFO  o.a.m.s.f.DefaultMavenResourcesFiltering - skip non existing resourceDirectory C:\craft\java-full-stack-main\CapStone Project\Team\Department-service\src\test\resources
2023-03-08 06:10:59,226 [Worker-36: Launching Employee-service - EmployeeServiceApplication] INFO  o.a.m.s.f.DefaultMavenResourcesFiltering - Copying 2 resources
2023-03-08 06:10:59,244 [Worker-36: Launching Employee-service - EmployeeServiceApplication] INFO  o.a.m.s.f.DefaultMavenResourcesFiltering - Copying 0 resource
2023-03-08 06:10:59,250 [Worker-36: Launching Employee-service - EmployeeServiceApplication] INFO  o.a.m.s.f.DefaultMavenResourcesFiltering - skip non existing resourceDirectory C:\craft\java-full-stack-main\CapStone Project\Team\Employee-service\src\test\resources
2023-03-08 06:12:36,512 [Worker-23: Launching Employee-service - EmployeeServiceApplication] INFO  o.a.m.s.f.DefaultMavenResourcesFiltering - Copying 2 resources
2023-03-08 06:12:36,527 [Worker-23: Launching Employee-service - EmployeeServiceApplication] INFO  o.a.m.s.f.DefaultMavenResourcesFiltering - Copying 0 resource
2023-03-08 06:12:36,528 [Worker-23: Launching Employee-service - EmployeeServiceApplication] INFO  o.a.m.s.f.DefaultMavenResourcesFiltering - skip non existing resourceDirectory C:\craft\java-full-stack-main\CapStone Project\Team\Employee-service\src\test\resources
2023-03-08 06:41:16,019 [Worker-28: Import Getting Started Content] INFO  o.e.m.c.i.l.LifecycleMappingFactory - Using org.eclipse.m2e.jdt.JarLifecycleMapping lifecycle mapping for MavenProject: com.craft.api-gatway:api-gatway:0.0.1-SNAPSHOT @ C:\craft\java-full-stack-main\CapStone Project\Team\api-gatway\pom.xml.
2023-03-08 06:41:17,214 [Worker-28: Import Getting Started Content] INFO  o.e.m.j.i.AbstractJavaProjectConfigurator - Adding source folder /api-gatway/src/main/java
2023-03-08 06:41:17,216 [Worker-28: Import Getting Started Content] INFO  o.e.m.j.i.AbstractJavaProjectConfigurator - Adding resource folder /api-gatway/src/main/resources
2023-03-08 06:41:17,234 [Worker-28: Import Getting Started Content] INFO  o.e.m.j.i.AbstractJavaProjectConfigurator - Adding resource folder /api-gatway/src/main/resources
2023-03-08 06:41:17,237 [Worker-28: Import Getting Started Content] INFO  o.e.m.j.i.AbstractJavaProjectConfigurator - Adding source folder /api-gatway/src/test/java
2023-03-08 06:41:19,469 [Worker-28: Import Getting Started Content] INFO  o.a.m.s.f.DefaultMavenResourcesFiltering - Copying 1 resource
2023-03-08 06:41:19,473 [Worker-28: Import Getting Started Content] INFO  o.a.m.s.f.DefaultMavenResourcesFiltering - Copying 0 resource
2023-03-08 06:41:19,475 [Worker-28: Import Getting Started Content] INFO  o.a.m.s.f.DefaultMavenResourcesFiltering - skip non existing resourceDirectory C:\craft\java-full-stack-main\CapStone Project\Team\api-gatway\src\test\resources
2023-03-08 06:41:20,099 [Worker-28: Import Getting Started Content] INFO  o.e.m.c.i.p.ProjectConfigurationManager - Imported and configured 1 project(s) in 4 sec
2023-03-08 06:41:20,101 [Worker-28: Import Getting Started Content] INFO  o.e.m.c.i.p.ProjectConfigurationManager - Update started
2023-03-08 06:41:20,399 [Worker-28: Import Getting Started Content] INFO  o.e.m.c.i.l.LifecycleMappingFactory - Using org.eclipse.m2e.jdt.JarLifecycleMapping lifecycle mapping for MavenProject: com.craft.api-gatway:api-gatway:0.0.1-SNAPSHOT @ C:\craft\java-full-stack-main\CapStone Project\Team\api-gatway\pom.xml.
2023-03-08 06:41:21,277 [Worker-28: Import Getting Started Content] INFO  o.e.m.j.i.AbstractJavaProjectConfigurator - Adding source folder /api-gatway/src/main/java
2023-03-08 06:41:21,277 [Worker-28: Import Getting Started Content] INFO  o.e.m.j.i.AbstractJavaProjectConfigurator - Adding resource folder /api-gatway/src/main/resources
2023-03-08 06:41:21,277 [Worker-28: Import Getting Started Content] INFO  o.e.m.j.i.AbstractJavaProjectConfigurator - Adding resource folder /api-gatway/src/main/resources
2023-03-08 06:41:21,278 [Worker-28: Import Getting Started Content] INFO  o.e.m.j.i.AbstractJavaProjectConfigurator - Adding source folder /api-gatway/src/test/java
2023-03-08 06:41:23,638 [Worker-28: Import Getting Started Content] INFO  o.a.m.s.f.DefaultMavenResourcesFiltering - Copying 1 resource
2023-03-08 06:41:23,642 [Worker-28: Import Getting Started Content] INFO  o.a.m.s.f.DefaultMavenResourcesFiltering - Copying 0 resource
2023-03-08 06:41:23,645 [Worker-28: Import Getting Started Content] INFO  o.a.m.s.f.DefaultMavenResourcesFiltering - skip non existing resourceDirectory C:\craft\java-full-stack-main\CapStone Project\Team\api-gatway\src\test\resources
2023-03-08 06:41:24,267 [Worker-28: Import Getting Started Content] INFO  o.e.m.c.i.p.ProjectConfigurationManager - Update completed: 4 sec
2023-03-08 06:44:22,999 [Worker-38: Updating Maven Project] INFO  o.e.m.c.i.p.ProjectConfigurationManager - Update started
2023-03-08 06:44:23,378 [Worker-38: Updating Maven Project] INFO  o.e.m.c.i.l.LifecycleMappingFactory - Using org.eclipse.m2e.jdt.JarLifecycleMapping lifecycle mapping for MavenProject: com.craft.api-gatway:api-gatway:0.0.1-SNAPSHOT @ C:\craft\java-full-stack-main\CapStone Project\Team\api-gatway\pom.xml.
2023-03-08 06:44:24,426 [Worker-38: Updating Maven Project] INFO  o.e.m.j.i.AbstractJavaProjectConfigurator - Adding source folder /api-gatway/src/main/java
2023-03-08 06:44:24,426 [Worker-38: Updating Maven Project] INFO  o.e.m.j.i.AbstractJavaProjectConfigurator - Adding resource folder /api-gatway/src/main/resources
2023-03-08 06:44:24,426 [Worker-38: Updating Maven Project] INFO  o.e.m.j.i.AbstractJavaProjectConfigurator - Adding resource folder /api-gatway/src/main/resources
2023-03-08 06:44:24,427 [Worker-38: Updating Maven Project] INFO  o.e.m.j.i.AbstractJavaProjectConfigurator - Adding source folder /api-gatway/src/test/java
2023-03-08 06:44:25,547 [Worker-38: Updating Maven Project] INFO  o.a.m.s.f.DefaultMavenResourcesFiltering - Copying 2 resources
2023-03-08 06:44:25,577 [Worker-38: Updating Maven Project] INFO  o.a.m.s.f.DefaultMavenResourcesFiltering - Copying 0 resource
2023-03-08 06:44:25,584 [Worker-38: Updating Maven Project] INFO  o.a.m.s.f.DefaultMavenResourcesFiltering - skip non existing resourceDirectory C:\craft\java-full-stack-main\CapStone Project\Team\api-gatway\src\test\resources
2023-03-08 06:44:26,617 [Worker-38: Updating Maven Project] INFO  o.e.m.c.i.p.ProjectConfigurationManager - Update completed: 3 sec
2023-03-08 06:45:17,393 [Worker-41: Updating Maven Project] INFO  o.e.m.c.i.p.ProjectConfigurationManager - Update started
2023-03-08 06:45:17,728 [Worker-41: Updating Maven Project] INFO  o.e.m.c.i.l.LifecycleMappingFactory - Using org.eclipse.m2e.jdt.JarLifecycleMapping lifecycle mapping for MavenProject: com.craft.api-gatway:api-gatway:0.0.1-SNAPSHOT @ C:\craft\java-full-stack-main\CapStone Project\Team\api-gatway\pom.xml.
2023-03-08 06:45:18,378 [Worker-41: Updating Maven Project] INFO  o.a.m.s.f.DefaultMavenResourcesFiltering - Copying 2 resources
2023-03-08 06:45:18,408 [Worker-41: Updating Maven Project] INFO  o.a.m.s.f.DefaultMavenResourcesFiltering - Copying 0 resource
2023-03-08 06:45:18,412 [Worker-41: Updating Maven Project] INFO  o.a.m.s.f.DefaultMavenResourcesFiltering - skip non existing resourceDirectory C:\craft\java-full-stack-main\CapStone Project\Team\api-gatway\src\test\resources
2023-03-08 06:45:19,285 [Worker-41: Updating Maven Project] INFO  o.e.m.j.i.AbstractJavaProjectConfigurator - Adding source folder /api-gatway/src/main/java
2023-03-08 06:45:19,285 [Worker-41: Updating Maven Project] INFO  o.e.m.j.i.AbstractJavaProjectConfigurator - Adding resource folder /api-gatway/src/main/resources
2023-03-08 06:45:19,286 [Worker-41: Updating Maven Project] INFO  o.e.m.j.i.AbstractJavaProjectConfigurator - Adding resource folder /api-gatway/src/main/resources
2023-03-08 06:45:19,286 [Worker-41: Updating Maven Project] INFO  o.e.m.j.i.AbstractJavaProjectConfigurator - Adding source folder /api-gatway/src/test/java
2023-03-08 06:45:20,210 [Worker-41: Updating Maven Project] INFO  o.a.m.s.f.DefaultMavenResourcesFiltering - Copying 2 resources
2023-03-08 06:45:20,214 [Worker-41: Updating Maven Project] INFO  o.a.m.s.f.DefaultMavenResourcesFiltering - Copying 0 resource
2023-03-08 06:45:20,217 [Worker-41: Updating Maven Project] INFO  o.a.m.s.f.DefaultMavenResourcesFiltering - skip non existing resourceDirectory C:\craft\java-full-stack-main\CapStone Project\Team\api-gatway\src\test\resources
2023-03-08 06:45:20,860 [Worker-41: Updating Maven Project] INFO  o.e.m.c.i.p.ProjectConfigurationManager - Update completed: 3 sec
2023-03-08 06:45:33,340 [Worker-38: Launching api-gatway - ApiGatwayApplication] INFO  o.a.m.s.f.DefaultMavenResourcesFiltering - Copying 2 resources
2023-03-08 06:45:33,358 [Worker-38: Launching api-gatway - ApiGatwayApplication] INFO  o.a.m.s.f.DefaultMavenResourcesFiltering - Copying 0 resource
2023-03-08 06:45:33,361 [Worker-38: Launching api-gatway - ApiGatwayApplication] INFO  o.a.m.s.f.DefaultMavenResourcesFiltering - skip non existing resourceDirectory C:\craft\java-full-stack-main\CapStone Project\Team\api-gatway\src\test\resources
2023-03-08 06:51:05,078 [Worker-35: Launching api-gatway - ApiGatwayApplication] INFO  o.a.m.s.f.DefaultMavenResourcesFiltering - Copying 1 resource
2023-03-08 06:51:05,092 [Worker-35: Launching api-gatway - ApiGatwayApplication] INFO  o.a.m.s.f.DefaultMavenResourcesFiltering - Copying 0 resource
2023-03-08 06:51:05,094 [Worker-35: Launching api-gatway - ApiGatwayApplication] INFO  o.a.m.s.f.DefaultMavenResourcesFiltering - skip non existing resourceDirectory C:\craft\java-full-stack-main\CapStone Project\Team\api-gatway\src\test\resources
2023-03-08 06:51:16,577 [Worker-29: Launching Employee-service - EmployeeServiceApplication] INFO  o.a.m.s.f.DefaultMavenResourcesFiltering - Copying 2 resources
2023-03-08 06:51:16,597 [Worker-29: Launching Employee-service - EmployeeServiceApplication] INFO  o.a.m.s.f.DefaultMavenResourcesFiltering - Copying 0 resource
2023-03-08 06:51:16,600 [Worker-29: Launching Employee-service - EmployeeServiceApplication] INFO  o.a.m.s.f.DefaultMavenResourcesFiltering - skip non existing resourceDirectory C:\craft\java-full-stack-main\CapStone Project\Team\Employee-service\src\test\resources
2023-03-08 06:51:23,410 [Worker-36: Launching Department-service intance 2 - DepartmentServiceApplication] INFO  o.a.m.s.f.DefaultMavenResourcesFiltering - Copying 2 resources
2023-03-08 06:51:23,425 [Worker-36: Launching Department-service intance 2 - DepartmentServiceApplication] INFO  o.a.m.s.f.DefaultMavenResourcesFiltering - Copying 0 resource
2023-03-08 06:51:23,428 [Worker-36: Launching Department-service intance 2 - DepartmentServiceApplication] INFO  o.a.m.s.f.DefaultMavenResourcesFiltering - skip non existing resourceDirectory C:\craft\java-full-stack-main\CapStone Project\Team\Department-service\src\test\resources
